2020-05-12 20:13:23,396 INFO loading None profile from config C:\Users\parzival\.twarc
2020-05-12 20:13:47,347 INFO loading None profile from config C:\Users\parzival\.twarc
2020-05-12 20:14:37,495 INFO loading None profile from config C:\Users\parzival\.twarc
2020-05-12 20:14:37,501 INFO creating http session
2020-05-12 20:14:37,501 INFO creating OAuth1 user authentication
2020-05-12 20:14:37,501 INFO getting ('https://api.twitter.com/1.1/account/verify_credentials.json',) {'params': {'tweet_mode': 'extended'}}
2020-05-12 20:14:37,962 INFO connecting to filter stream for {'stall_warning': True, 'include_ext_alt_text': True, 'track': 'ford100'}
2020-05-12 20:14:37,962 INFO posting ('https://stream.twitter.com/1.1/statuses/filter.json', {'stall_warning': True, 'include_ext_alt_text': True, 'track': 'ford100'}) {'headers': {'accept-encoding': 'deflate, gzip'}, 'stream': True}
2020-05-12 20:14:59,035 WARNING process received SIGNT, stopping
2020-05-12 20:15:06,030 INFO loading None profile from config C:\Users\parzival\.twarc
2020-05-12 20:15:06,031 INFO creating http session
2020-05-12 20:15:06,031 INFO creating OAuth1 user authentication
2020-05-12 20:15:06,031 INFO getting ('https://api.twitter.com/1.1/account/verify_credentials.json',) {'params': {'tweet_mode': 'extended'}}
2020-05-12 20:15:06,477 INFO getting ('https://api.twitter.com/1.1/search/tweets.json',) {'params': {'count': 100, 'q': 'ford100', 'include_ext_alt_text': 'true', 'result_type': 'recent', 'tweet_mode': 'extended'}}
2020-05-12 20:15:06,624 INFO no new tweets matching {'count': 100, 'q': 'ford100', 'include_ext_alt_text': 'true', 'result_type': 'recent', 'tweet_mode': 'extended'}
2020-05-12 20:15:14,541 INFO loading None profile from config C:\Users\parzival\.twarc
2020-05-12 20:15:14,542 INFO creating http session
2020-05-12 20:15:14,542 INFO creating OAuth1 user authentication
2020-05-12 20:15:14,542 INFO getting ('https://api.twitter.com/1.1/account/verify_credentials.json',) {'params': {'tweet_mode': 'extended'}}
2020-05-12 20:15:14,984 INFO getting ('https://api.twitter.com/1.1/search/tweets.json',) {'params': {'count': 100, 'q': 'covid', 'include_ext_alt_text': 'true', 'result_type': 'recent', 'tweet_mode': 'extended'}}
2020-05-12 20:15:15,623 INFO archived 1260378032684052491
2020-05-12 20:15:15,671 INFO archived 1260378032319201281
2020-05-12 20:15:15,739 INFO archived 1260378031937519623
2020-05-12 20:15:15,794 INFO archived 1260378031786426370
2020-05-12 20:15:15,843 INFO archived 1260378031752908802
2020-05-12 20:15:15,849 INFO archived 1260378031740289025
2020-05-12 20:15:15,897 INFO archived 1260378031736205315
2020-05-12 20:15:15,920 INFO archived 1260378031727824896
2020-05-12 20:15:15,993 INFO archived 1260378031669030913
2020-05-12 20:15:16,046 INFO archived 1260378031597727753
2020-05-12 20:15:16,101 INFO archived 1260378031413252096
2020-05-12 20:15:16,152 INFO archived 1260378031333478402
2020-05-12 20:15:16,208 INFO archived 1260378031228583937
2020-05-12 20:15:16,258 INFO archived 1260378030985416705
2020-05-12 20:15:16,313 INFO archived 1260378030985355266
2020-05-12 20:15:16,364 INFO archived 1260378030872109057
2020-05-12 20:15:16,369 INFO archived 1260378030729498624
2020-05-12 20:15:16,420 INFO archived 1260378030708453376
2020-05-12 20:15:16,471 WARNING process received SIGNT, stopping
2020-05-12 20:15:24,291 INFO loading None profile from config C:\Users\parzival\.twarc
2020-05-12 20:15:24,292 INFO creating http session
2020-05-12 20:15:24,292 INFO creating OAuth1 user authentication
2020-05-12 20:15:24,292 INFO getting ('https://api.twitter.com/1.1/account/verify_credentials.json',) {'params': {'tweet_mode': 'extended'}}
2020-05-12 20:15:24,754 INFO getting ('https://api.twitter.com/1.1/search/tweets.json',) {'params': {'count': 100, 'q': 'ford_100', 'include_ext_alt_text': 'true', 'result_type': 'recent', 'tweet_mode': 'extended'}}
2020-05-12 20:15:25,441 INFO archived 1260375792447631362
2020-05-12 20:15:25,542 INFO archived 1260372411742117889
2020-05-12 20:15:25,547 INFO archived 1260368306785181697
2020-05-12 20:15:25,600 INFO archived 1260365596950171650
2020-05-12 20:15:25,649 INFO archived 1260362034278993926
2020-05-12 20:15:25,653 INFO archived 1260361800224247808
2020-05-12 20:15:25,704 INFO archived 1260361252947128320
2020-05-12 20:15:25,757 INFO archived 1260360858540085248
2020-05-12 20:15:25,811 INFO archived 1260357740335005696
2020-05-12 20:15:25,862 INFO archived 1260355933835653121
2020-05-12 20:15:25,868 INFO archived 1260355668357283847
2020-05-12 20:15:25,918 INFO archived 1260355087970570246
2020-05-12 20:15:25,974 INFO archived 1260351342683525125
2020-05-12 20:15:26,027 INFO archived 1260350757032923144
2020-05-12 20:15:26,075 INFO archived 1260346258520109056
2020-05-12 20:15:26,078 INFO archived 1260343998637584384
2020-05-12 20:15:26,082 INFO archived 1260338188696117248
2020-05-12 20:15:26,129 INFO archived 1260330695131648002
2020-05-12 20:15:26,134 INFO archived 1260329146124840963
2020-05-12 20:15:26,217 INFO archived 1260326418040446979
2020-05-12 20:15:26,222 INFO archived 1260325162693492737
2020-05-12 20:15:26,225 INFO archived 1260323075654127616
2020-05-12 20:15:26,273 INFO archived 1260319858425647104
2020-05-12 20:15:26,276 INFO archived 1260317590074691584
2020-05-12 20:15:26,327 INFO archived 1260317197697724420
2020-05-12 20:15:26,329 INFO archived 1260315334931894274
2020-05-12 20:15:26,332 INFO archived 1260311864270962688
2020-05-12 20:15:26,334 INFO archived 1260311539724271617
2020-05-12 20:15:26,561 INFO archived 1260310617287585793
2020-05-12 20:15:26,645 INFO archived 1260310465684570112
2020-05-12 20:15:26,653 INFO archived 1260307922380296206
2020-05-12 20:15:26,696 INFO archived 1260305011223003137
2020-05-12 20:15:26,822 INFO archived 1260302993389469697
2020-05-12 20:15:26,827 INFO archived 1260301897631752196
2020-05-12 20:15:26,910 INFO archived 1260301470920040458
2020-05-12 20:15:26,912 INFO archived 1260291415143219206
2020-05-12 20:15:26,922 INFO archived 1260291239536189440
2020-05-12 20:15:26,970 INFO archived 1260291055242686468
2020-05-12 20:15:27,017 INFO archived 1260289857093611520
2020-05-12 20:15:27,024 INFO archived 1260288649738039297
2020-05-12 20:15:27,026 INFO archived 1260287945627615236
2020-05-12 20:15:27,075 INFO archived 1260287402544959491
2020-05-12 20:15:27,124 INFO archived 1260285421331808256
2020-05-12 20:15:27,129 INFO archived 1260285242109280258
2020-05-12 20:15:27,130 INFO archived 1260284223547719680
2020-05-12 20:15:27,178 INFO archived 1260283895838208000
2020-05-12 20:15:27,183 INFO archived 1260283763399016448
2020-05-12 20:15:27,186 INFO archived 1260283645056692224
2020-05-12 20:15:27,227 INFO archived 1260280833207758848
2020-05-12 20:15:27,308 INFO archived 1260280626319679490
2020-05-12 20:15:27,355 INFO archived 1260278415153868806
2020-05-12 20:15:27,358 INFO archived 1260276574257139714
2020-05-12 20:15:27,360 INFO archived 1260276433819070464
2020-05-12 20:15:27,401 INFO archived 1260269836288040963
2020-05-12 20:15:27,482 INFO archived 1260269812468629504
2020-05-12 20:15:27,562 INFO archived 1260269791400656896
2020-05-12 20:15:27,686 INFO archived 1260269769426718722
2020-05-12 20:15:27,688 INFO archived 1260269745615646720
2020-05-12 20:15:27,691 INFO archived 1260269724002369541
2020-05-12 20:15:27,693 INFO archived 1260269701273399299
2020-05-12 20:15:27,734 INFO archived 1260269675340009474
2020-05-12 20:15:27,814 INFO archived 1260269648920133632
2020-05-12 20:15:27,897 INFO archived 1260269627143327745
2020-05-12 20:15:27,900 INFO archived 1260269605550985216
2020-05-12 20:15:27,902 INFO archived 1260269582570397697
2020-05-12 20:15:27,905 INFO archived 1260269540077907970
2020-05-12 20:15:27,908 INFO archived 1260269508616499200
2020-05-12 20:15:27,988 INFO archived 1260269483794616320
2020-05-12 20:15:28,070 INFO archived 1260269460839170052
2020-05-12 20:15:28,076 INFO archived 1260269090289172482
2020-05-12 20:15:28,079 INFO archived 1260266102547984385
2020-05-12 20:15:28,163 INFO archived 1260265829637091330
2020-05-12 20:15:28,166 INFO archived 1260265403906957319
2020-05-12 20:15:28,172 INFO archived 1260264740263202817
2020-05-12 20:15:28,214 INFO archived 1260263378230087680
2020-05-12 20:15:28,263 INFO archived 1260262463297261569
2020-05-12 20:15:28,266 INFO archived 1260262420594987008
2020-05-12 20:15:28,312 INFO archived 1260261921594507269
2020-05-12 20:15:28,318 INFO archived 1260260867142189057
2020-05-12 20:15:28,368 INFO archived 1260260677995958273
2020-05-12 20:15:28,373 INFO archived 1260258861870714880
2020-05-12 20:15:28,417 INFO archived 1260257070965809153
2020-05-12 20:15:28,420 INFO archived 1260256869660209153
2020-05-12 20:15:28,427 INFO archived 1260254667247882245
2020-05-12 20:15:28,470 INFO archived 1260254119152975873
2020-05-12 20:15:28,516 INFO archived 1260253853817155588
2020-05-12 20:15:28,518 INFO archived 1260252805933215750
2020-05-12 20:15:28,565 INFO archived 1260252660013453317
2020-05-12 20:15:28,569 INFO archived 1260252397844287489
2020-05-12 20:15:28,574 INFO archived 1260251546299891712
2020-05-12 20:15:28,664 INFO archived 1260250095577993222
2020-05-12 20:15:28,668 INFO archived 1260249746658275328
2020-05-12 20:15:28,717 INFO archived 1260249717243404288
2020-05-12 20:15:28,719 INFO archived 1260248282929995780
2020-05-12 20:15:28,806 INFO archived 1260247846990872577
2020-05-12 20:15:28,811 INFO archived 1260247252863537152
2020-05-12 20:15:28,815 INFO archived 1260246965109035010
2020-05-12 20:15:28,862 INFO archived 1260246519044812800
2020-05-12 20:15:28,869 INFO archived 1260246442398093313
2020-05-12 20:15:28,960 INFO archived 1260246240630980609
2020-05-12 20:15:28,960 INFO getting ('https://api.twitter.com/1.1/search/tweets.json',) {'params': {'count': 100, 'q': 'ford_100', 'include_ext_alt_text': 'true', 'result_type': 'recent', 'tweet_mode': 'extended', 'max_id': '1260246240630980608'}}
2020-05-12 20:15:29,368 INFO archived 1260245633149145089
2020-05-12 20:15:29,417 INFO archived 1260245451724533762
2020-05-12 20:15:29,424 INFO archived 1260245189953753089
2020-05-12 20:15:29,470 INFO archived 1260245106269081602
2020-05-12 20:15:29,479 INFO archived 1260244952631689219
2020-05-12 20:15:29,522 INFO archived 1260244266124742667
2020-05-12 20:15:29,675 INFO archived 1260242930465374209
2020-05-12 20:15:29,680 INFO archived 1260242365178134529
2020-05-12 20:15:29,729 INFO archived 1260241944405516290
2020-05-12 20:15:29,733 INFO archived 1260241550627483648
2020-05-12 20:15:29,818 INFO archived 1260240325471281152
2020-05-12 20:15:29,822 INFO archived 1260238855887884289
2020-05-12 20:15:29,826 INFO archived 1260238417201229824
2020-05-12 20:15:29,873 INFO archived 1260238247705186304
2020-05-12 20:15:29,878 INFO archived 1260237594920615937
2020-05-12 20:15:29,881 INFO archived 1260237436405403649
2020-05-12 20:15:29,968 INFO archived 1260229681716092928
2020-05-12 20:15:29,973 INFO archived 1260228777428176896
2020-05-12 20:15:29,975 INFO archived 1260228676815380480
2020-05-12 20:15:30,095 INFO archived 1260227558060236803
2020-05-12 20:15:30,182 INFO archived 1260220770778636288
2020-05-12 20:15:30,185 INFO archived 1260219124334178304
2020-05-12 20:15:30,188 INFO archived 1260215184725065728
2020-05-12 20:15:30,229 INFO archived 1260214318425165828
2020-05-12 20:15:30,361 INFO archived 1260213001900167168
2020-05-12 20:15:30,642 INFO archived 1260212677672124417
2020-05-12 20:15:30,693 INFO archived 1260211930104545281
2020-05-12 20:15:30,758 INFO archived 1260211727599382528
2020-05-12 20:15:30,761 INFO archived 1260205082462883842
2020-05-12 20:15:30,814 INFO archived 1260203253570117632
2020-05-12 20:15:30,902 INFO archived 1260203207021801472
2020-05-12 20:15:30,908 INFO archived 1260196831012798465
2020-05-12 20:15:30,953 INFO archived 1260196801631543297
2020-05-12 20:15:30,953 WARNING process received SIGNT, stopping
