1256041663593676803
1256041669985779712
1256041677829156866
1256041691326357505
1256041695763890178
1256041695898144768
1256041699484278785
1256041711438123015
1256041719734419460
1256041719906402308
1256041723844857856
1256041733542088704
1256041750189289477
1256041752961716224
1256041757831282690
1256041762180730880
1256041774793048067
1256041775246032896
1256041787623460864
1256041808133525504
1256041812076224512
1256041813162577920
1256041834490531840
1256041837036527616
1256041857768972289
1256041858037354498
1256041858955972612
1256041870142177281
1256041872142864386
1256041888555192321
1256041896234885121
1256041903994306560
1256041916686352385
1256041917286174726
1256041925733486592
1256041934675677191
1256041937964015616
1256041938408607745
1256041946566582272
1256041954590236681
1256041958885261313
1256041971526885376
1256041972059406336
1256041996264898560
1256042000400465923
1256042009879511047
1256042017278263301
1256042031144714240
1256042068301971456
1256042076812296194
1256042089537814529
1256042098123591680
1256042101609050112
1256042110186401792
1256042114963644416
1256042126476967945
1256042134739845122
1256042148530663425
1256042148534857729
1256042148618788865
1256042157519011847
1256042163672100865
1256042168176857094
1256042168185229312
1256042168969551873
1256042172660539395
1256042190113038336
1256042209998180360
1256042210056974336
1256042219779362818
1256042222639812608
1256042239941320704
1256042240977371136
1256042248959152129
1256042260346667010
1256042261407825922
1256042270341595136
1256042285441171459
1256042286007365637
1256042295306190849
1256042327606468608
1256042328059494400
1256042340331986946
1256042344710844417
1256042349819543552
1256042354265468928
1256042365225259008
1256042365317533698
1256042366097657856
1256042370224787465
1256042371235659778
1256042371302768640
1256042377644593156
1256042386775572483
1256042390688862210
1256042395197718528
1256042403619880963
1256042404051849216
1256042419419779072
1256042424838885377
1256042437405028352
1256042445885898753
1256042446217191424
1256042462910582784
1256042471085223936
1256042474373558272
1256042509073080320
1256042517025501186
1256042521291108356
1256042525309186048
1256042525401460736
1256042525665738752
1256042545659904008
1256042546511347718
1256042550059847682
1256042550953218049
1256042562164592640
1256042563255107584
1256042572239310850
1256042584306221057
1256042584432160769
1256046971481194497
1256046972408135680
1256046973284737024
1256046983090970624
1256046988879110144
1256047013512253440
1256047013898174467
1256047017899569153
1256047055295975430
1256047072429703170
1256047075780956162
1256047080335912961
1256047083691401216
1256047097465516037
1256047097515835394
1256047097956175872
1256047101663944704
1256047109956132864
1256047114108440576
1256047114334941192
1256047118424453122
1256047121901510658
1256047122010472449
1256047126917705730
1256047132223524865
1256047134190768128
1256047135344263169
1256047142940147714
1256047148707315717
1256047151936933889
1256047160329732096
1256047161160146950
1256047164322504704
1256047164486225923
1256047173810089984
1256047176767209472
1256047181829734401
1256047184480538626
1256047184786731009
1256047214759153665
1256047230533931008
1256047249035059207
1256047252776407040
1256047265531277313
1256047269369065477
1256047278177095682
1256047293742100480
1256047299253473281
1256047310951366657
1256047316072648714
1256047316303319040
1256047327053307909
1256047328512876546
1256047340886142977
1256047352231743496
1256047352902795270
1256047361454940168
1256047369134768128
1256047375090671617
1256047377644912640
1256047378345443335
1256047378878140416
1256047383265320961
1256047386130108419
1256047395621789697
1256047407755931653
1256047423870337028
1256047432451964931
1256047436277088256
1256047449325678592
1256047449929547777
1256047457361956864
1256047463074607104
1256047466551611392
1256047478434148354
1256047482473254912
1256047483018412032
1256047483052085253
1256047486705250306
1256047487028166658
1256047487426707461
1256047490907979786
1256047491063189504
1256047508863823872
1256047512877760512
1256047517470470151
1256047529805963266
1256047530766413831
1256047532528087049
1256047533308227585
1256047545425551361
1256047546637733888
1256047549657559045
1256047550295158792
1256047555676422145
1256047557756755977
1256047563721052160
1256047566711672833
1256047579965591554
1256047580569636876
1256047583862165505
1256047584415809538
1256047588433895424
1256047599892791297
1256047600173821963
1256047617722720257
1256047618213502976
1256047622210666496
1256047626786611211
1256047630490243073
1256047633564655621
1256047651142934528
1256047651373621249
1256047654552944640
1256047659128950795
1256047662861881348
1256047675574824961
1256047675826475009
1256047683862769664
1256047685347479554
1256047696911179776
1256047710756655112
1256047713482924032
1256047713617149954
1256047738518732802
1256047742880751619
1256047752460582912
1256047767924899840
1256047769070047243
1256047771897008131
1256047785188696064
1256047797620674562
1256047798727868417
1256047802095894530
1256047826796232709
1256047826989178881
1256047844110237705
1256047855757864961
1256047860254040064
1256047861046874113
1256047869481684993
1256047873126330368
1256047877983436803
1256047878046453760
1256047894123216896
1256047903342317571
1256047918773125120
1256047927811809280
1256047932794601472
1256047960913260544
1256047969507270656
1256047973546504194
1256047977069785088
1256047981314310144
1256047999702249472
1256048007432339461
1256048019218337793
1256048024696037376
1256048036477898755
1256048053292797952
1256048054291087361
1256048061794656257
1256048065078853632
1256048066169315328
1256048074167853063
1256048078638985217
1256048079259787265
1256048090756386817
1256048100042592257
1256048102852694016
1256048108972187649
1256052499808747520
1256052501046087681
1256052507844976642
1256052508516065283
1256052524437602305
1256052529638580230
1256052544813568001
1256052561708290048
1256052562534563840
1256052572126920714
1256052574895116293
1256052575675318272
1256052583254368258
1256052583526998016
1256052588476325889
1256052592125317120
1256052600648187904
1256052621749694471
1256052629274230785
1256052633367961605
1256052637490970624
1256052638308806657
1256052638417903617
1256052662673514497
1256052663139131396
1256052666872016899
1256052671779348481
1256052687482818562
1256052701495877633
1256052709096128513
1256052712631828488
1256052718172540928
1256052721599361027
1256052743598456834
1256052767384317959
1256052785352671233
1256052788162854912
1256052789308002310
1256052797897932800
1256052806362030080
1256052826461085699
1256052840574877696
1256052847436877825
1256052860434952193
1256052897583902723
1256052898712215552
1256052902503886850
1256052915103555584
1256052918568005632
1256052926428196864
1256052930781818880
1256052940080627714
1256052943264067584
1256052957877014530
1256052962100686850
1256052965393170434
1256052973412782080
1256052974809481216
1256052986373160960
1256052990777098247
1256053002965786624
1256053010775539712
1256053010964393984
1256053015653634048
1256053023039787008
1256053027741536256
1256053031529074688
1256053031650709504
1256053031650709512
1256053040148340736
1256053041456955392
1256053041507139584
1256053041557454849
1256053041557639170
1256053045147979777
1256053053242986502
1256053061304418304
1256053073811853314
1256053075049099264
1256053077452509186
1256053077569929217
1256053081881616390
1256053094401617920
1256053112458162178
1256053124986548226
1256053128241336322
1256053157400018950
1256053158805110792
1256053162374504448
1256053170301734916
1256053174449946625
1256053179814498306
1256053184059125774
1256053187913662465
1256053196499410944
1256053199154425856
1256053203923238913
1256053205101838336
1256053208243482624
1256053208448933889
1256053215965175808
1256053226731909121
1256053237918175232
1256053238337622016
1256053250580713472
1256053263536971776
1256053283795488768
1256053288165879809
1256053288195239937
1256053292834140161
1256053295963082753
1256053297242419200
1256053299687690241
1256053300203577345
1256053305215791104
1256053330415095811
1256053333556703234
1256053347322388482
1256053380499333122
1256053389189922818
1256053389265436680
1256053392130093057
1256053397431730177
1256053402204848128
1256053410031448067
1256053421586644992
1256053429929213957
1256053434848907264
1256053443418107905
1256053446727340032
1256053456315580419
1256053463605182464
1256053493036732420
1256053464137949185
1256053484853563393
1256053506412339202
1256053517837430785
1256053519469199361
1256053527358693379
1256053539207512064
1256053552063164416
1256053557134065664
1256053560208490496
1256053568513212416
1256053569477922816
1256053576843042817
1256053577900085250
1256053578554212352
1256053585835687937
1256053594769498113
1256053598666067969
1256053607046266882
1256053607268483073
1256053610397433857
1256053610905034753
1256053615317442560
1256053623420792833
1256053623932542977
1256053624171626497
1256053627736805377
1256053645239554051
1256053648867700736
1256053656291549185
1256053656920653829
1256053660703961089
1256053661471555584
1256053678760435714
1256053681755217927
1256053682719862785
1256053687157501952
1256053694078091270
1256053690898792450
1256053698675032064
1256053715498385414
1256053715699666946
1256053715968147457
1256053716140068864
1256053720913268739
1256053732355256322
1256053733550510081