1256104176754593792
1256104186757988352
1256104193506660354
1256104202885005312
1256104207721119745
1256104211063996416
1256104249978753024
1256104250423365632
1256104273907036160
1256104277791125504
1256104277979869184
1256104295273037824
1256104299664486401
1256104303695147009
1256104315472748544
1256104316592697344
1256104333462175746
1256104367024943104
1256104383504355329
1256104391645507586
1256104396427079680
1256104417499197440
1256104422079434754
1256104425921355777
1256104450109902848
1256104525359955968
1256104547199696896
1256104572071936000
1256104605328519170
1256104659598610437
1256104667395784704
1256104697548726277
1256104701382320129
1256104716162957313
1256104736157286400
1256104801802346496
1256104828499099653
1256104831204372480
1256104853144768518
1256104886070128640
1256104886619553792
1256104890901897218
1256104898640457728
1256104902595620865
1256104999286956032
1256105004664066048
1256105019746725888
1256105028294713344
1256105040802123776
1256105049593430016
1256105083177230336
1256105100424237056
1256105108036882432
1256105145886261248
1256105146322427907
1256105150051225600
1256105171991609347
1256105175594475521
1256105188810686466
1256105255999287297
1256105263448424448
1256105263557378049
1256105314014953472
1256105322084794368
1256105326891450373
1256109676225273856
1256109701215014913
1256109772430086145
1256109790041985024
1256109806395498496
1256109819204960257
1256109832106586112
1256109832316366848
1256109915984351233
1256109945600253952
1256109990722461699
1256109995567075329
1256110019533209601
1256110066215931904
1256110087585837057
1256110096385441792
1256110129134608385
1256110142615179264
1256110230901084160
1256110238576660480
1256110241579765760
1256110263859924992
1256110284365758465
1256110284873359360
1256110298060271617
1256110318121562113
1256110322429165568
1256110369019478020
1256110451445895169
1256110461461893120
1256110469322084353
1256110476674678789
1256110493690929154
1256110527505485824
1256110540667174912
1256110549777121280
1256110552662884352
1256110573667995649
1256110586481520640
1256110695306997760
1256110707474604032
1256110725954764801
1256110728295170049
1256110783408332802
1256110813385031685
1256110817549975552
1256110821370929152
1256110870855376897
1256110880367968265
1256110897724108800
1256110918276186112
1256115238778404866
1256115334538571776
1256115351898726400
1256115414536462336
1256115430407708672
1256115464373182464
1256115474011582464
1256115511374548995
1256115564889718784
1256115565082615810
1256115612079841285
1256115700369960960
1256115732145999873
1256115746511486976
1256115795249283074
1256115866967605248
1256115889264570370
1256115981841285121
1256116106558930944