1256074633146699783
1256074637886324737
1256074653702983681
1256074657704230915
1256074669825896448
1256074671189110786
1256074687383252992
1256074692248637440
1256074692374528007
1256074695553814533
1256074695675428866
1256074712393932801
1256074712893054981
1256074736901206016
1256074742496460800
1256074747252793345
1256074753783152640
1256074755297488896
1256074767133814784
1256074767813181442
1256074779695685632
1256074780605898752
1256074780635267074
1256074800302358529
1256074801543864321
1256074805117403142
1256074816689451008
1256074821835907079
1256074830430027776
1256074830681706498
1256074834863443969
1256074837866565632
1256074850101334017
1256074856245932032
1256074859660140545
1256074880161906688
1256074883420893185
1256074884503003136
1256074905478737921
1256074908926443521
1256074921740042240
1256074922495016961
1256074922536980481
1256074922876637185
1256074926483701761
1256074934255792129
1256074947505598473
1256074948659085314
1256074951804760069
1256074972126236678
1256074972218490886
1256074977306120192
1256074978426044417
1256074985933803521
1256074989675085825
1256074989817774081
1256074993164857345
1256075002958528517
1256075018984972288
1256075031886680065
1256075048852619265
1256075053306916864
1256075068301598721
1256075077566767104
1256075077742923777
1256075081786286080
1256075089554145281
1256075103038816256
1256075111477764096
1256075115651047425
1256075118675099648
1256075123154616322
1256075123796271105
1256075140762345478
1256075148907761664
1256075152833609729
1256075153513099264
1256075156528795648
1256075161373114368
1256075161851363329
1256075164724473857
1256075165341016066
1256075169036152832
1256075191748263937
1256075194038394881
1256075207250522112
1256075224631689216
1256075232764407813
1256075262233645057
1256075265572311040
1256075265752563713
1256075269670125570
1256075278666866688
1256075279224705025
1256075287412060161
1256075295150551040
1256075300439576576
1256075304457682946
1256075312460451840
1256075324355379201
1256075324745449473
1256075328591728647
1256075332563632128
1256075336565035010
1256075362427117569
1256075416936341504
1256075433474392064
1256075434795638784
1256075438847385602
1256075441728823296
1256075442588512261
1256075450868260864
1256075455444254721
1256075459130949632
1256075475820187648
1256075476428300288
1256075480974884864
1256075489372000256
1256075500327366656
1256075504806920193
1256075505851346945
1256075508548165633
1256075512902025217
1256075513526988801
1256075525564567552
1256075526567067649
1256075534410436608
1256075544254349312
1256075550818553863
1256075554782154753
1256075568937865216
1256075605315145728
1256075605373837314
1256075614471282688
1256075614970425345
1256075615456894976
1256075622557929480
1256075622641737729
1256075623237390342
1256075623560294407
1256075626647367680
1256075656481431553
1256075657261527040
1256075660709302273
1256075660856045568
1256075664450600960
1256075665608237067
1256075685178859520
1256075685308903425
1256075685778644993
1256075702962728963
1256075710336204807
1256075710915018753
1256075723321860096
1256075739654479873
1256075744381460480
1256075748441538565
1256075752438726661
1256075765415849984
1256075770348388362
1256075774295080962
1256075791185707014
1256075793840693248
1256075802988478472
1256075819530813440
1256075819946041344
1256075873565974534
1256075873574404102
1256075882365665280
1256075883263205377
1256080245402329088
1256080252889174017
1256080270186471426
1256080274368184321
1256080275496472578
1256080282551226371
1256080294899339267
1256080303875076101
1256080313241030657
1256080316982349824
1256080320216150016
1256080340457795585
1256080350628859907
1256080354131226625
1256080367079034881
1256080416227889152
1256080417662414850
1256080429049937926
1256080434305404928
1256080441871929344
1256080446405971969
1256080446754099200
1256080478865686530
1256080512919142400
1256080517230886912
1256080518510260226
1256080529725648897
1256080529964834818
1256080530661150721
1256080541985710080
1256080551796228096
1256080556216979456
1256080559165579264
1256080572054634497
1256080585262608386
1256080589033218048
1256080593584037888
1256080596553682945
1256080602161348608
1256080608880668672
1256080613850984448
1256080652161646595
1256080681068830722
1256080688605999104
1256080688698318849
1256080744318939136
1256080752036511747
1256080755798740992
1256080756805378050
1256080769866489858
1256080777588224000
1256080781019090947
1256080787021185024
1256080790682693633
1256080790871564288
1256080793727795203
1256080802846302209
1256080861457506304
1256080861512024064
1256080882751995904
1256080886271037440
1256080894076563457
1256080894584111105
1256080902779801603
1256080907200532481
1256080920374767616
1256080932735516678
1256080953983807490
1256080961873367041
1256080982702280704
1256080996237221888
1256080998980358144
1256081004021809152
1256081004118360064
1256081004231606272
1256081020841058304
1256081028969566209
1256081029363834880
1256081029569359875
1256081053552455681
1256081054361948160
1256081058610765824
1256081062263951360
1256081066806390786
1256081086628745216
1256081096812396545
1256081108585889795
1256081108611018760
1256081113052786689
1256081116534095875
1256081126269095938
1256081134137618432
1256081137794940928
1256081141796397056
1256081159445975041
1256081201988853765
1256081218099187714
1256081218480865282
1256081230254297090
1256081230329786369
1256081243260751872
1256081246842691584
1256081247136354304
1256081247690018817
1256081251917758464
1256081252295356417
1256081259165560833
1256081305839820803
1256081330451906560
1256081355437412352
1256081363893174272
1256081369727467520
1256081372541837314
1256081377780477952
1256081377801404416
1256081380905279489
1256081381337284614
1256081385208647680
1256081386231992322
1256081394327060481
1256081397946683393
1256081398819151872
1256081418687598593
1256081423192207361
1256081427462000640
1256081427583479808
1256081428066041858
1256085704989433858
1256085722546782209
1256085726057332736
1256085735020658688
1256085735297466368
1256085752531816451
1256085772245008384
1256085772970663937
1256085781216665600
1256085785503293443
1256085789911416832
1256085790624448518
1256085840750665729
1256085856324063233
1256085856982634502
1256085860551966720
1256085860937842688
1256085864725217283
1256085881234034698
1256085881498320898
1256085882253250560
1256085887148048385
1256085921314869248
1256085940386312192