1256085943972499456
1256085957239091200
1256085957406842882
1256085961152266240
1256085968957956096
1256085978147704836
1256085999224045571
1256086002956976129
1256086003225366528
1256086006924746753
1256086008329887744
1256086020845645829
1256086023987216391
1256086024419229696
1256086028219305987
1256086029234253824
1256086032157749255
1256086041024438274
1256086055197061120
1256086058938269697
1256086070602629120
1256086083609255941
1256086087635734530
1256086095164583936
1256086095533662211
1256086095718158338
1256086113028104197
1256086116077383680
1256086120569409536
1256086121076928518
1256086129629151232
1256086137455730688
1256086141482270723
1256086146200854528
1256086146913837061
1256086150453870592
1256086154983755776
1256086163644977152
1256086171647705088
1256086172490760194
1256086176076836865
1256086188739506177
1256086209417404418
1256086212537917440
1256086217357168640
1256086222780403712
1256086225649352704
1256086230443442176
1256086241914781697
1256086243005300737
1256086243424821248
1256086260390772737
1256086279877517318
1256086289398587392
1256086301025034240
1256086323363905536
1256086372013821952
1256086373263708161
1256086384571531265
1256086392905531392
1256086393731846154
1256086394444951553
1256086418310430722
1256086418612420608
1256086427584155651
1256086427969912837
1256086439957278723
1256086447909732352
1256086452548571141
1256086452913528833
1256086472899338241
1256086476883931136
1256086477571833858
1256086481778728965
1256086506537734144
1256086507959484417
1256086523486887936
1256086527580483584
1256086531405725701
1256086548845678595
1256086565060829185
1256086574024007682
1256086586648694784
1256086595272347649
1256086623986626561
1256086625337192448
1256086628226957313
1256086637571969025
1256086644727394304
1256086649244651520
1256086649320112128
1256086654206521345
1256086662230282240
1256086662964273152
1256086691208744962
1256086716412317704
1256086717054025730
1256086717322407938
1256086720589828097
1256086729506934784
1256086730077286400
1256086730266030080
1256086733285818371
1256086733952888832
1256086737199271937
1256086805327249409
1256086816979070977
1256086818031796224
1256086834108661765
1256086834817400833
1256086847484243968
1256086850789412864
1256086851850514437
1256086856015511567
1256086864110460932
1256086876378800128
1256086914031116289
1256086955756044289
1256086963553271809
1256086964366987264
1256086965356765186
1256086968800346112
1256092777076731904
1256092777181589506
1256092786270576640
1256092794600468480
1256092812241711105
1256092820357685249
1256092831514583041
1256092835717304320
1256092853064826886
1256092857007513601
1256092870349656064
1256092870659973120
1256092882559283200
1256092882932568064
1256092895070822400
1256092906898821120
1256092944819539969
1256092944924389377
1256092950590824448
1256092952901955584
1256092994660380672
1256093009546022912
1256093012570050560
1256093029317910530
1256093040831275008
1256093045193310208
1256093053745541120
1256093071869202432
1256093075832811521
1256093078911418369
1256093105016668164
1256093143138816005
1256093146775240704
1256093164508712960
1256093166660435969
1256093181273350144
1256093192690315264
1256093196867833856
1256093219634458624
1256093225359675393
1256093226412511232
1256093234528497666
1256093235442843648
1256093237988618240
1256093255848034304
1256093272981864452
1256093280183427074
1256093281164935169
1256093289712934913
1256093301826076673
1256093309715582976
1256093314299899905
1256093322990534656
1256093330544324609
1256093339927093248
1256093347753660416
1256093352107347969
1256093356435914753
1256093364480507907
1256093373632598017
1256093381350100992
1256093386437779457
1256093398206947329
1256093410093645829
1256093410366230528
1256093419069493248
1256093423943200771
1256093469786996736
1256093478322307074
1256093520156377090
1256093544730763264
1256093546240712705
1256093549893992448
1256093562850041857
1256093565907861505
1256093579090542593
1256093586816368640
1256093590977118209
1256093607297191936
1256093615622889472
1256093624896573440
1256093641728196608
1256093650322362368
1256093654072152064
1256093678722048006
1256093692936564736
1256093696145178624
1256093696388468736
1256093713081806849
1256093751602229258
1256093754492170241
1256093755590967297
1256093775568474113
1256093780790464513
1256093784296865792
1256093851951005699
1256093858712166401
1256093863183294464
1256093864454127617
1256093914806784000
1256093931441475584
1256093931697250307
1256093986495827968
1256093990593724416
1256093997304602624
1256094005961601025
1256094023250513922
1256094051604090880
1256094057736142850
1256094061951361026
1256094069283065858
1256094078275661824
1256094081501052932
1256094081979232256
1256094086760738816
1256094095782658048
1256094107165917184
1256098490360496129
1256098494206672896
1256098507821330433
1256098518902734850
1256098523193450496
1256098532446162948
1256098541640003584
1256098545016463360
1256098549340700672
1256098561097433090
1256098565249798144
1256098582945566722
1256098590637862918
1256098607289315328
1256098608174202881
1256098608568512512
1256098666957475840
1256098687186612224
1256098691766722560
1256098699068899335
1256098708967641089
1256098720728453121
1256098749710991362
1256098766140125184
1256098826630373377
1256098833647403009
1256098875603136513
1256098883878506496
1256098908784164866
1256098934906408962
1256098947040448522
1256098954950987779
1256098968020361216
1256098980284465152
1256098988991922177
1256098993941164032
1256098996969496576
1256099023137771520
1256099057640112136
1256099127626272768
1256099149818232832
1256099160757059590
1256099168705224706
1256099168784773120
1256099170471022592
1256099170487808000
1256099173474189312
1256099181787320320
1256099195590791170
1256099203216015360
1256099219544440834
1256099224904761344
1256099232202833920
1256099269360181248
1256099275609722884
1256099308543377408
1256099312016261123
1256099316122284037
1256099326239166464
1256099328839606273
1256099334111854601
1256099349098102786
1256099353216901132
1256099379414478849
1256099397135470592
1256099441335033857
1256099446879916037
1256099450134675457
1256099451640467456
1256099454173790209
1256099462600110080
1256099467234881536
1256099501913358336
1256099510360649729
1256099512743059457
1256099547320930304
1256099639092281344
1256099656540532736
1256099693500735489
1256099701411254273
1256099701830664193
1256099715424432128
1256099726975533056
1256099749784178689
1256099760324386817
1256099764631937026
1256099786307977216