1256025546107977728
1256025550809858048
1256025559856971781
1256025622670958606
1256025634717028353
1256025635044184070
1256025635845279744
1256025642988077057
1256025663733223434
1256025684419452928
1256025700785668100
1256025710289924102
1256025710596182023
1256025713955741696
1256025714249400320
1256025727897677824
1256025749015924743
1256025751872253956
1256025764765544448
1256025765717704705
1256025768955691009
1256025769286995969
1256025773124788224
1256025786244571137
1256025797913165825
1256025802048708609
1256025811267858441
1256025827180937219
1256025827755659266
1256025828527353856
1256025836110610435
1256025836286812161
1256025840338587648
1256025841085091840
1256025844579012609
1256025857510068224
1256025869174419456
1256025877428781059
1256025885590814722
1256025895766315014
1256025907040575489
1256025924694413312
1256025928590819329
1256025958630424593
1256025961268678656
1256025961793032192
1256025965999816704
1256025974254305281
1256025986845544450
1256025990926655488
1256025996744175623
1256026007510884352
1256026012372144131
1256026015664611329
1256026021565956097
1256026024741081089
1256026029694599169
1256026046211784715
1256030287445753857
1256030299286364161
1256030311034564616
1256030315258224641
1256030341116149760
1256030348611379200
1256030348955320320
1256030353141248000
1256030356706332673
1256030357696188416
1256030361689239557
1256030370430058500
1256030379091415041
1256030382602018816
1256030391166734342
1256030416387092481
1256030416420700165
1256030424612159493
1256030432837210112
1256030441645146112
1256030446200270850
1256030448792240134
1256030454572093443
1256030482829058048
1256030483202412545
1256030486993997825
1256030495407771649
1256030504152977411
1256030513732767744
1256030517004128258
1256030525032140802
1256030525468352512
1256030529553563652
1256030529696215040
1256030537472454659
1256030538147790860
1256030538214801409
1256030547022921735
1256030551154102272
1256030554438414336
1256030566916460546
1256030571911876609
1256030576387207170
1256030592623431680
1256030596805079043
1256030597178408960
1256030638777552898
1256030642749440000
1256030664706666496
1256030672852070404
1256030680888356867
1256030689016848392
1256030692867215363
1256030693383077891
1256030696520499200
1256030701432057856
1256030701985677312
1256030713868103685
1256030722831327232
1256030738711011329
1256030739910602761
1256030756272570368
1256030756872359938
1256030760936640515
1256030784944775173
1256030789193646087
1256030801940099072
1256030805488537608
1256030806000259078
1256030819208044549
1256030828322271233
1256030831035977728
1256030831803617281
1256030834622169088
1256030839332319232
1256030844252229632
1256030844474601476
1256030847834230784
1256030856029888513
1256030865076912128
1256030868797362179
1256030868809887744
1256030874187059200
1256030881388670983
1256030899109494793
1256030914821402626
1256030919070298114
1256030927442100224
1256030945095884802
1256030945225912321
1256030977765388290
1256030982513340416
1256030991480733696
1256030994097942530
1256030995146473474
1256031004269174798
1256031007536484353
1256031008153047048
1256031011605020672
1256031012305473537
1256031017334444033
1256031017716105217
1256031024120823808
1256031028998819840
1256031036909268992
1256031041858519045
1256031054030389255
1256031067045269506
1256031071436759041
1256031075421368322
1256031078713888775
1256031088478171137
1256031092169150465
1256031125073530880
1256031134607122434
1256031137073369090
1256031137161412609
1256031137337683970
1256031137836732421
1256031141527785472
1256031142022729728
1256031142165327872
1256031159567486976
1256031162901856258
1256031179389702145
1256031185077231617
1256031192673107969
1256031196460572672
1256031200252170240
1256031196028571648
1256031208598798337
1256031212747010049
1256031214382788609
1256031217641639937
1256031222536470532
1256031237711560705
1256031237774376961
1256031238479130624
1256031246632828929
1256031257412108288
1256031267998621701
1256031268401225729
1256031272633327618
1256031275829399553
1256031276542439425
1256031281307095041
1256031289259569154
1256031289343442944
1256031296930885632
1256031301997658113
1256031313905287168
1256031318917484558
1256031322528788485
1256031343852519424
1256031360634048513
1256031363918151680
1256031376157159424
1256031380850520065
1256031381949317122
1256031384889679875
1256031389750833153
1256031390090616834
1256031393676754946
1256031393840324610
1256031394360373248
1256031409757716483
1256031410512633862
1256031419387830274
1256031422638424065
1256031440241917952
1256031460974346246
1256031473410412546
1256031485804584962
1256031511893205005
1256031523813425152
1256031553391669248
1256031556478648322
1256031560782012417
1256031574174371841
1256035856244256770
1256035856814465025
1256035859851350021
1256035860715237378
1256035860912447488
1256035864196644866
1256035869804449795
1256035876775346176
1256035890499145730
1256035902675193856
1256035907087544321
1256035910954647553
1256035911302774784
1256035914620579846
1256035922723966982
1256035923604549634
1256035927706734592
1256035927828377601
1256035948527341569
1256035948548304901
1256035949479419904
1256035952268623872
1256035956517416960
1256035961907093505
1256035962137837570
1256035969473675269
1256035970010566656
1256035974506778624
1256035977367293958
1256035978734600200
1256035991523151873
1256035995092426753
1256036003787218944
1256036003804045320
1256036004257030147
1256036010997297152
1256036015296438274
1256036015770304519
1256036019209732097
1256036020283416576
1256036037077487622
1256036039896051714
1256036045159837698
1256036061471481857
1256036069675536386
1256036070023667718
1256036075451101184
1256036090651250697
1256036108216999936
1256036112369418240
1256036115750039558
1256036115879989251
1256036120187543553
1256036136990003200
1256036137040314369
1256036146435457026
1256036158213165056
1256036159190433793
1256036167109263360
1256036167360958464
1256036175283924998
1256036175736954882
1256036183538307073
1256036183857119232
1256036192379863040
1256036213577957378
1256036216539054086
1256036225930199041
1256036233228300288
1256036249997135875
1256036266807869442
1256036271014772736
1256036276404465664
1256036296130207745
1256036330376658946
1256036347149680641
1256036350874320897
1256036351469895683
1256036355370516480
1256036359904595968
1256036376467865600
1256036389776433153
1256036397066194952
1256036410542473217
1256036414699036673
1256036435326578689
1256036439495716866
1256036444034027527
1256036456809848839
1256036460370759680
1256036460999970822
1256036497494618113
1256036506680115200
1256036510731829248
1256036518956797953
1256036528297578498
1256036532298883074
1256036543896092673
1256036548295958528
1256036549206122497
1256036568663556098
1256036569774948352
1256036574019682312
1256036585788846089
1256036586925568000
1256036591132434435
1256036594496278528
1256036597960790017
1256036598464077826
1256036602280886274
1256036615811670025
1256036619573956614
1256036619796316161
1256036622795264000
1256036627354451968
1256036633281015808
1256036657888886788
1256036662649540609
1256036669905666052
1256036683201609733
1256036691686625280
1256036691917385735
1256036700222115844
1256036703481016330
1256036704114184192
1256036744874659840
1256036745252143104
1256036754110513153
1256036770929610758
1256036800168103937
1256036812780376066
1256036821873692674
1256036825250050050
1256036834125262854
1256036842014683138
1256036846003466240
1256036850076188674
1256036854438264833
1256036863451844613
1256036863929958407
1256036900147789826
1256036913716310016
1256036917650612225
1256036947618926598
1256036952014491648
1256036955793620993
1256036959748853766
1256036971786502145
1256036976052109314
1256036979973685250
1256036984348446721
1256036997849845760
1256037010474762242
1256037014551629826
1256037015193300994
1256037030221488132
1256037031148429314
1256037038484324352
1256037039147008002
1256037039159619585
1256037043450245121
1256037043882385408
1256037051822039047
1256037055299309570
1256037056670773249
1256037060076621825
1256037060747628546
1256037072684691456
1256037085393412099
1256037090330128385
1256037094012719104
1256037098529882113
1256037101411487744
1256037106994089984
1256037107111464965
1256037107245764610
1256037110013931521
1256037115080708096
1256037119790919683
1256037136610066432
1256037143677460480
1256037143744524288
1256037149243301888
1256037151600508928
1256037156595929089
1256037169178738691