1256013433444720641
1256013437676724227
1256013442890285064
1256013471709364226
1256013471927410689
1256013474813091842
1256013475421270017
1256013484598452226
1256013504835960838
1256013513568501761
1256013521525059585
1256013525270573057
1256013530811203585
1256013542102310912
1256013542383370240
1256013547408105473
1256013548070809600
1256013555343798273
1256013560666378241
1256013572188057601
1256013576172601350
1256013576751517697
1256013581080039424
1256013584041218048
1256013593180549129
1256013600851976194
1256013604924665856
1256013605063065600
1256013630203707392
1256013634708398081
1256013639666016263
1256013652429344769
1256013660234952704
1256013668980002817
1256013672977178624
1256013680526995466
1256013688915574787
1256013698101108737
1256013701674684417
1256013706095460352
1256013710734352386
1256013714815430663
1256013715075457026
1256013723266879493
1256013727498993664
1256013735686176769
1256013739758936068
1256013751964315650
1256013760692707329
1256013790027624448
1256013790052745217
1256013790329659398
1256013791025926152
1256013793819230209
1256013794473644032
1256013794515587074
1256013798424666117
1256013810374184963
1256013810495873030
1256013815210278913
1256013835858837505
1256013840199962624
1256013858000568320
1256013861414752262
1256013866070347781
1256013877478899712
1256013886337187844
1256013890963546112
1256013905215750144
1256013916502724615
1256013924903915522
1256013933674201089
1256013936291348486
1256013937377771520
1256013937394368512
1256013958538035202
1256013973679493122
1256013974237216768
1256013979362738177
1256013999260479488
1256013999520571400
1256014000338411522
1256014000460095490
1256014007451951109
1256014008303398916
1256014008961957888
1256014009444245504
1256014011755266051
1256014011797327874
1256014012703277057
1256014015874191360
1256014050909138946
1256014063173275648
1256014063626342402
1256014066658816001
1256014066788810757
1256014080084709376
1256014087949103106
1256014097688276998
1256014113454665729
1256014121713065985
1256014122136764416
1256014125647433729
1256014125672673280
1256014126477987843
1256014129392951297
1256014142244376576
1256014155414491136
1256014201316876288
1256014204819079173
1256014225518059521
1256014226457534466
1256014235391401985
1256014239145365506
1256014242827960325
1256014255087742976
1256014272401944577
1256014276478873600
1256014285756563467
1256014288730427392
1256014293881012224
1256014301300654080
1256014305574690818
1256014310725357569
1256014322079326214
1256014322171404288
1256014334708367360
1256014335236866050
1256014356866875392
1256014360033611778
1256014373501501440
1256014377238618112
1256014381562937345
1256014385593663495
1256014394347192320
1256014394896584704
1256014398910607363
1256014406758129664
1256014410398785536
1256014414978916353
1256014435459743747
1256014444376842240
1256014457945436160
1256014462030675968
1256014465037983744
1256014466048819201
1256014474433236993
1256014483081900041
1256014490069590021
1256014511225688065
1256014510894317573
1256014516602757120
1256014528086712324
1256014528711659520
1256014533258346496
1256014548945035266
1256014557149085696
1256014557673373697
1256014574865784836
1256014582835011585
1256014586576240650
1256014596122476557
1256014603865251840
1256014607203926016
1256014607585554432
1256014608919408640
1256014621238087681
1256014628464873473
1256014632692613120
1256014637780422657
1256014641047703552
1256014645107798017
1256014649650184192
1256014662740725760
1256014674514055178
1256014674660818945
1256014676015697920
1256014678716792832
1256014682873307139
1256014683619962881
1256014691224162306
1256014700745277441
1256014721729409024
1256014730352877576
1256014738049437699
1256014750506418179
1256014751072694276
1256014754734321666
1256014755912966151
1256014763219353610
1256014772325187584
1256014779434635264
1256014784895557637
1256019160821350401
1256019162935308290
1256019163144994818
1256019163413430275
1256019175799209986
1256019176650670080
1256019188063383552
1256019230773972997
1256019241976856576
1256019251921641472
1256019259051909121
1256019263971885056
1256019275950821377
1256019280522600448
1256019301150195717
1256019318334205954
1256019322562019328
1256019326555078658
1256019335287574535
1256019339460907009
1256019344129232896
1256019348210233345
1256019370121273344
1256019384943947777
1256019385615089665
1256019388886646787
1256019398567084032
1256019398919434240
1256019398990708736
1256019410164252673
1256019410877202432
1256019419681173508
1256019423036674049
1256019427201515528
1256019431953764357
1256019436621959169
1256019444016582658
1256019444658298880
1256019452694536194
1256019455785697285
1256019468762918918
1256019472793681923
1256019476887281668
1256019481119395841
1256019485959622657
1256019502405427201
1256019511087640576
1256019516347351041
1256019535414640645
1256019536681328641
1256019549696266242
1256019549717217281
1256019570428706817
1256019578007797760
1256019582520885248
1256019587218407425
1256019590305497088
1256019590531948546
1256019595611250694
1256019600497618944
1256019607288233984
1256019603366559745
1256019611578925058
1256019620278009856
1256019623826395145
1256019628742017030
1256019640771379205
1256019645913608194
1256019649726164994
1256019649776562177
1256019650476998656
1256019671373025281
1256019671477882880
1256019675261161480
1256019679153459200
1256019679514169344
1256019679740678149
1256019683632918533
1256019691275005952
1256019692008935424
1256019692432523268
1256019696228458497
1256019699374198790
1256019708270215172
1256019708354146305
1256019712561029121
1256019716520493057
1256019716893749248
1256019721306193922
1256019742567157763
1256019742856486912
1256019746484555778
1256019749919698944
1256019774850699271
1256019779011346433
1256019795788599297
1256019797571186688
1256019797713829889
1256019800335269889
1256019804940570626
1256019808270852099
1256019809478889474
1256019813085954049
1256019822225342465
1256019826293833736
1256019846866915328
1256019854785744904
1256019859739213824
1256019867133718528
1256019871864930307
1256019875862122496
1256019876273152000
1256019880043851776
1256019880702337024
1256019885601275904
1256019898360385536
1256019901199810560
1256019905532420096
1256019918274940928
1256019918337818626
1256019926483185664
1256019947551166464
1256019952479371266
1256019960280875008
1256019960536670209
1256019960981336069
1256019964152229895
1256019977313947650
1256019985123680261
1256019985740283904
1256019998310612993
1256019998532866049
1256020011002531840
1256020014794182656
1256020018803834880
1256020039595163648
1256020039679041536
1256020049158123521
1256020052572352513
1256020056942751744
1256020060788994048
1256020066082095106
1256020068917547011
1256020068963692544
1256020069244637188
1256020081244585984
1256020082490249216
1256020094834049035
1256020107635146752
1256020110676017152
1256020114643836938
1256020115914731526
1256020127985868803
1256020131488071681
1256020140023521281
1256020143769092096
1256020166200168467
1256020169882832896
1256020170344140801
1256020173389213696
1256020174999871492
1256020181832400897
1256020182943891456
1256020199494619137
1256020203827232770
1256020220440952838
1256020224664580101
1256020241446027264
1256020246210764801
1256020248916111363
1256020252451897346
1256020266641166337
1256020266695655425
1256020270076346369
1256020278288752648
1256020279576481794
1256020279647707139
1256020282873131013
1256020287633657858
1256020295506366467
1256020299725901825
1256020303756570624
1256020309205045254
1256020312031997953
1256020312388521990
1256020312556265472
1256020329572466690
1256020336933552128
1256020337126506499
1256020345347280898
1256020345762480128
1256020350032392192
1256020362346856452
1256020375751852033
1256020375772827648
1256020388661903360
1256020426158936065
1256020429585645578
1256020433905881088
1256020442651021312
1256020445691871239
1256020446463614979
1256020459818299393
1256020464738148360
1256020468227813376
1256020470849249280
1256024753384632322
1256024757847367685
1256024763186720768
1256024771004903425
1256024775098601478
1256024782828564480
1256024792983011328
1256024803749834752
1256024816144060419
1256024816466960388
1256024817762996224
1256024821235924993
1256024829402263553
1256024830052380673
1256024834645078023
1256024843058917377
1256024846070317056
1256024850616942592
1256024850818310145
1256024858242187264
1256024880090415105
1256024883462582274
1256024887837233154
1256024891859574787
1256024892295786498
1256024892736184326
1256024896234233858
1256024897488326657
1256024897488392197
1256024901753942016
1256024904463417344
1256024904773832704
1256024913657434114
1256024925409882112
1256024925669928960
1256024930845626369
1256024933781721089
1256024938546429952
1256024943432806410
1256024946754674690
1256024947086053377
1256024947467698177
1256024950458253314
1256024950869307392
1256024952060489729
1256024959723454471
1256024967537401856
1256024973057175552
1256024975829544962
1256025009375645696
1256025027008397313
1256025040178630658
1256025046197420039
1256025047447359494
1256025067928125445
1256025068079132674
1256025068695695360
1256025068733378560
1256025081316286464
1256025082117398528
1256025089017106434
1256025093202944002
1256025094205460481
1256025094306045952
1256025098852728833
1256025103009296389
1256025115344678914
1256025127311085568
1256025127856279552
1256025131048206339
1256025136605679624
1256025141135519744
1256025144130244608
1256025148760752129
1256025148882333697
1256025161242902529
1256025165365940224
1256025169497395200
1256025177055510529
1256025177126772738
1256025181899931649
1256025185607696384
1256025224178475010
1256025224216272897
1256025240087465985
1256025254109097990
1256025265584693248
1256025265676918785
1256025282961694721
1256025291513892865
1256025291975282688
1256025295213166598
1256025298862211077
1256025307225763842
1256025336485216257
1256025353346220032
1256025361999171586
1256025362133331968
1256025370459062273
1256025384128262144
1256025388272271364
1256025396086296576
1256025408463605768
1256025409541541890
1256025412578283520
1256025416541843456
1256025420341936129
1256025422283890689
1256025434262773761
1256025437886611457
1256025458287808513
1256025467716620290
1256025471751512069
1256025483591942151
1256025484028239872
1256025487622787073
1256025505016545280
1256025509219139584
1256025513723858946
1256025525904125953