1256058029927251970
1256058031500034051
1256058043684605952
1256058048109559808
1256058048562499585
1256058065616621579
1256058069810905090
1256058089708687364
1256058090207752192
1256058103914803201
1256058112160694280
1256058127889252352
1256058140182921219
1256058144209453056
1256058153504051201
1256058166317649920
1256058170717306880
1256058174127460354
1256058181945606145
1256058194511761413
1256058195052843008
1256058203160313856
1256058203248431105
1256058203730857987
1256058229177663488
1256058244847611905
1256058245829058562
1256058253781471238
1256058254167343104
1256058284685119489
1256058295292493826
1256058312791076865
1256058316486316032
1256058317383897089
1256058321234210816
1256058341618483201
1256058346806882306
1256058351458422791
1256058359498846209
1256058366633394181
1256058375479099398
1256058383741997056
1256058388510846976
1256058393133035525
1256058393372102656
1256058395855028226
1256058401639055360
1256058413924130817
1256058425974325248
1256058429510164482
1256058429862555648
1256058434535018496
1256058442780831747
1256058475806941184
1256058481297305603
1256058484132655111
1256058521944297473
1256058555205128192
1256058560120868864
1256058560233996291
1256058560418664451
1256058573018324994
1256058580379336705
1256058584460406784
1256058594329534467
1256058597437575168
1256058602751774720
1256058631130406912
1256058660792352768
1256058669013352454
1256058669730541568
1256058673148952576
1256058677280243712
1256058682531553284
1256058689699659776
1256058699048722438
1256058706422378501
1256058715519811584
1256058731395244032
1256058748625399809
1256058749372043266
1256058752891043840
1256058761434877953
1256058761883631623
1256058770196705283
1256058777817808897
1256058795484155904
1256058798332149760
1256058804682264578
1256058807299575808
1256058807664414721
1256058812387282944
1256058837393645570
1256058849817169921
1256058853948559362
1256058853986312192
1256058874446176256
1256058892305534978
1256058895862284289
1256058917194469376
1256058937452965889
1256058937939562496
1256058942683316225
1256058963663216641
1256058976116015105
1256058976527155200
1256058979173773314
1256058987268714499
1256059001218965507
1256059009272025089
1256059009834106880
1256059025302736897
1256059025386622976
1256059030365253632
1256059038003052550
1256059041924734980
1256059050502078470
1256059055640109063
1256059059985420291
1256059063638601729
1256059068709470215
1256059076141776896
1256059076842315779
1256059089425240071
1256059100762443778
1256059114460983299
1256059118718201856
1256059129875087364
1256059129887633409
1256059143900839938
1256059148158066690
1256059159142940679
1256059168391299073
1256059180424794112
1256059186531774464
1256059205808795648
1256059214264446976
1256059214268715008
1256059227258396677
1256059239040155662
1256059239069552640
1256063588810317824
1256063601141583878
1256063605671366659
1256063613552467973
1256063631445438464
1256063635878805511
1256063639510974466
1256063651762581509
1256063665742151685
1256063673023561729
1256063677473619973
1256063677532442624
1256063695056179201
1256063719232200704
1256063723275530245
1256063727650177024
1256063732100280321
1256063761611403265
1256063772957061122
1256063795161636865
1256063799628574720
1256063807232884736
1256063811162976258
1256063823364141056
1256063837381550080
1256063841580040192
1256063846105722888
1256063849897365504
1256063874383609857
1256063878909345793
1256063879643357189
1256063882629611522
1256063891924291586
1256063894260535301
1256063924501430275
1256063953026928643
1256063954255839235
1256063954457169921
1256063971666341893
1256063978851250179
1256063979501375491
1256063982928101376
1256063996240760834
1256064017082339328
1256064037902790656
1256064045981020161
1256064054340325383
1256064054533197826
1256064058765254658
1256064062657630208
1256064066751266816
1256064068181508098
1256064072581332992
1256064091875151873
1256064096195284994
1256064101278679041
1256064112527892486
1256064122594172929
1256064127312814081
1256064139031654400
1256064143297253377
1256064155242713090
1256064155334950912
1256064167947259905
1256064172493856769
1256064173156507648
1256064176012824577
1256064176121921542
1256064177103306753
1256064180311990275
1256064180605661184
1256064184544120834
1256064185080991745
1256064187769462786
1256064205817622530
1256064230123540480
1256064235404214272
1256064239208407041
1256064247039176704
1256064256325431296
1256064268904120321
1256064282342625283
1256064286348251141
1256064297748377600
1256064330820399104
1256064331147628544
1256064331457998849
1256064331663491072
1256064332116484096
1256064335136329735
1256064335857803266
1256064340777672704
1256064347463393281
1256064348046401536
1256064351838048257
1256064365050114049
1256064378136387585
1256064386860531712
1256064390773846016
1256064394510950406
1256064398197764096
1256064398357082112
1256064403457392642
1256064407022551045
1256064415411077122
1256064420574347265
1256064427755012096
1256064437049602051
1256064448298704899
1256064453734477824
1256064457446313984
1256064461221384193
1256064466313191425
1256064475175755777
1256064496210259968
1256064520524570626
1256064527906586624
1256064550824300544
1256064554385186818
1256064562077536257
1256064573939027968
1256064574102659073
1256064583791411204
1256064588182847491
1256064603714392064
1256064609334812672
1256064612157607938
1256064618109243392
1256064620642607107
1256064625562447876
1256064626195927042
1256064638342565890
1256064641177960450
1256064651210690561
1256064655589588992
1256064662690504712
1256064679765573634
1256064683322245120
1256064683343314949
1256064687860592641
1256064691488645120
1256064692260425740
1256064700191817731
1256064708102238208
1256064708903346176
1256064721696030720
1256064722438365185
1256064746765406209
1256064751177785344
1256064758689734658
1256064767799812096
1256064775747928064
1256064775408291841
1256064777656336385
1256064780005146625
1256064804571222017
1256069072107851779
1256069079569317890
1256069080177684480
1256069095889436674
1256069109328027650
1256069116408016897
1256069120921133056
1256069121424441350
1256069122720444416
1256069129406160896
1256069133369856000
1256069138537230336
1256069142156804101
1256069146372190208
1256069151812202501
1256069158938316801
1256069167524036611
1256069172297109504
1256069184208977920
1256069206761779201
1256069209571971074
1256069221613744128
1256069234456657922
1256069247337476101
1256069267528785922
1256069267658858496
1256069272905932800
1256069272947822593
1256069284364681217
1256069298105319425
1256069302207340544
1256069323560493059
1256069332339171328
1256069342992752644
1256069343403794437
1256069352870285314
1256069353482653702
1256069359954538496
1256069360558489600
1256069364152963072
1256069372931715072
1256069382922547203
1256069389738283008
1256069410235826176
1256069414673354752
1256069415348699137
1256069415554224129
1256069420247646208
1256069426862006277
1256069431068954625
1256069431949701121
1256069437121232898
1256069445035925506
1256069449532178432
1256069452183019520
1256069456469639171
1256069462048063496
1256069469123772416
1256069470176587776
1256069482411245568
1256069490275737601
1256069502405664770
1256069519350652928
1256069520244047873
1256069523763007488
1256069524979318785
1256069537419669505
1256069550111698944
1256069554360528897
1256069557929861122
1256069577613639680
1256069584031043586
1256069585494855681
1256069594621624322
1256069586606338048
1256069608085360642
1256069619917488128
1256069641492971520
1256069659050328064
1256069661885706242
1256069664079306753
1256069688242638848
1256069692084584448
1256069716399063041
1256069722111647749
1256069755313762304
1256069759906516992
1256069762456616960
1256069797097414656
1256069801308573696
1256069809655119872
1256069839480897538
1256069860108447745
1256069864596353024
1256069868618690560
1256069872724979716
1256069885978988544
1256069886024941568
1256069909261451265
1256069913623564289
1256069913745260544
1256069926655328262
1256069927347408898
1256069931080331264
1256069935425622016
1256069943176695809
1256069944330072069
1256069955507884037
1256069964139843585
1256069965482000385
1256070001729167361
1256070002479976449
1256070045299544069
1256070045693808642
1256070052966739968
1256070053600145408
1256070065440595969
1256070073393000449
1256070082549231621
1256070094058332166
1256070094511321092
1256070098151866370
1256070099200548864
1256070106607738880
1256070115805802498
1256070115969454080
1256070144431919105
1256070144587190272
1256070156809355265
1256070174412767234
1256070216506912768
1256070223834333186
1256070228695486464
1256070249117560832
1256070262480678913
1256070263231385602
1256070266926612480
1256070274421854208
1256070278410633217
1256070286933442566
1256070287046606848